mode: set
com.dy.order/orderalipay/alipay_web.go:63.62,69.16 5 1
com.dy.order/orderalipay/alipay_web.go:74.2,74.84 1 1
com.dy.order/orderalipay/alipay_web.go:78.2,83.64 4 1
com.dy.order/orderalipay/alipay_web.go:87.2,91.16 3 1
com.dy.order/orderalipay/alipay_web.go:100.2,100.89 1 1
com.dy.order/orderalipay/alipay_web.go:105.2,110.16 4 1
com.dy.order/orderalipay/alipay_web.go:167.2,168.63 2 1
com.dy.order/orderalipay/alipay_web.go:175.2,175.25 1 1
com.dy.order/orderalipay/alipay_web.go:233.2,233.25 1 1
com.dy.order/orderalipay/alipay_web.go:246.2,247.16 2 1
com.dy.order/orderalipay/alipay_web.go:253.2,253.18 1 1
com.dy.order/orderalipay/alipay_web.go:259.2,267.16 3 1
com.dy.order/orderalipay/alipay_web.go:270.2,270.17 1 1
com.dy.order/orderalipay/alipay_web.go:69.16,72.3 2 1
com.dy.order/orderalipay/alipay_web.go:74.84,76.3 1 1
com.dy.order/orderalipay/alipay_web.go:83.64,85.3 1 1
com.dy.order/orderalipay/alipay_web.go:91.16,92.34 1 1
com.dy.order/orderalipay/alipay_web.go:92.34,94.4 0 1
com.dy.order/orderalipay/alipay_web.go:94.4,97.4 2 0
com.dy.order/orderalipay/alipay_web.go:100.89,102.3 1 1
com.dy.order/orderalipay/alipay_web.go:110.16,113.3 2 0
com.dy.order/orderalipay/alipay_web.go:168.63,172.3 3 1
com.dy.order/orderalipay/alipay_web.go:175.25,179.28 3 1
com.dy.order/orderalipay/alipay_web.go:185.3,185.61 1 1
com.dy.order/orderalipay/alipay_web.go:191.3,191.99 1 1
com.dy.order/orderalipay/alipay_web.go:197.3,197.35 1 1
com.dy.order/orderalipay/alipay_web.go:220.3,220.35 1 1
com.dy.order/orderalipay/alipay_web.go:179.28,183.4 3 1
com.dy.order/orderalipay/alipay_web.go:185.61,189.4 3 1
com.dy.order/orderalipay/alipay_web.go:191.99,194.4 2 1
com.dy.order/orderalipay/alipay_web.go:197.35,214.103 1 1
com.dy.order/orderalipay/alipay_web.go:214.103,217.5 2 1
com.dy.order/orderalipay/alipay_web.go:220.35,222.108 1 1
com.dy.order/orderalipay/alipay_web.go:222.108,225.5 2 1
com.dy.order/orderalipay/alipay_web.go:233.25,241.98 1 1
com.dy.order/orderalipay/alipay_web.go:241.98,244.4 2 1
com.dy.order/orderalipay/alipay_web.go:247.16,251.3 3 0
com.dy.order/orderalipay/alipay_web.go:253.18,257.3 1 0
com.dy.order/orderalipay/alipay_web.go:267.16,269.3 1 0
com.dy.order/orderalipay/alipay_web.go:274.66,276.32 2 1
com.dy.order/orderalipay/alipay_web.go:280.2,282.24 2 1
com.dy.order/orderalipay/alipay_web.go:289.2,289.18 1 1
com.dy.order/orderalipay/alipay_web.go:293.2,296.38 3 1
com.dy.order/orderalipay/alipay_web.go:305.2,306.16 2 1
com.dy.order/orderalipay/alipay_web.go:310.2,310.42 1 1
com.dy.order/orderalipay/alipay_web.go:314.2,314.17 1 1
com.dy.order/orderalipay/alipay_web.go:338.2,338.17 1 1
com.dy.order/orderalipay/alipay_web.go:276.32,279.3 2 1
com.dy.order/orderalipay/alipay_web.go:282.24,283.19 1 1
com.dy.order/orderalipay/alipay_web.go:283.19,286.9 3 1
com.dy.order/orderalipay/alipay_web.go:289.18,292.3 2 1
com.dy.order/orderalipay/alipay_web.go:296.38,299.3 2 1
com.dy.order/orderalipay/alipay_web.go:306.16,309.3 2 1
com.dy.order/orderalipay/alipay_web.go:310.42,313.3 2 1
com.dy.order/orderalipay/alipay_web.go:314.17,318.17 2 1
com.dy.order/orderalipay/alipay_web.go:322.3,323.38 2 1
com.dy.order/orderalipay/alipay_web.go:330.3,332.59 3 1
com.dy.order/orderalipay/alipay_web.go:318.17,321.4 2 1
com.dy.order/orderalipay/alipay_web.go:323.38,325.44 2 1
com.dy.order/orderalipay/alipay_web.go:325.44,327.10 2 1
com.dy.order/orderalipay/alipay_web.go:332.59,335.4 2 1
com.dy.order/orderalipay/alipay_web.go:339.2,340.14 1 1
com.dy.order/orderalipay/alipay_web.go:341.2,343.17 2 1
com.dy.order/orderalipay/alipay_web.go:346.3,346.35 1 1
com.dy.order/orderalipay/alipay_web.go:347.2,349.17 2 1
com.dy.order/orderalipay/alipay_web.go:352.3,352.39 1 1
com.dy.order/orderalipay/alipay_web.go:353.2,356.17 2 1
com.dy.order/orderalipay/alipay_web.go:359.3,359.39 1 1
com.dy.order/orderalipay/alipay_web.go:360.2,361.53 1 0
com.dy.order/orderalipay/alipay_web.go:343.17,345.4 1 1
com.dy.order/orderalipay/alipay_web.go:349.17,351.4 1 1
com.dy.order/orderalipay/alipay_web.go:356.17,358.4 1 0
com.dy.order/orderalipay/alipay_web.go:366.80,367.23 1 1
com.dy.order/orderalipay/alipay_web.go:389.2,389.47 1 0
com.dy.order/orderalipay/alipay_web.go:367.23,369.17 2 1
com.dy.order/orderalipay/alipay_web.go:373.3,373.18 1 1
com.dy.order/orderalipay/alipay_web.go:369.17,372.4 2 0
com.dy.order/orderalipay/alipay_web.go:374.3,374.30 1 1
com.dy.order/orderalipay/alipay_web.go:374.30,383.17 7 1
com.dy.order/orderalipay/alipay_web.go:387.3,387.31 1 1
com.dy.order/orderalipay/alipay_web.go:383.17,386.4 2 0
com.dy.order/orderalipay/alipay_web.go:392.90,400.23 1 1
com.dy.order/orderalipay/alipay_web.go:400.23,403.17 2 1
com.dy.order/orderalipay/alipay_web.go:407.3,408.17 2 1
com.dy.order/orderalipay/alipay_web.go:412.3,412.31 1 1
com.dy.order/orderalipay/alipay_web.go:403.17,406.4 2 1
com.dy.order/orderalipay/alipay_web.go:408.17,411.4 2 0
com.dy.order/orderalipay/alipay_web.go:413.3,416.17 2 1
com.dy.order/orderalipay/alipay_web.go:420.3,421.17 2 1
com.dy.order/orderalipay/alipay_web.go:425.3,425.19 1 1
com.dy.order/orderalipay/alipay_web.go:416.17,419.4 2 1
com.dy.order/orderalipay/alipay_web.go:421.17,424.4 2 0
com.dy.order/orderalipay/alipay_web.go:430.75,435.63 4 1
com.dy.order/orderalipay/alipay_web.go:439.2,440.62 2 1
com.dy.order/orderalipay/alipay_web.go:445.2,450.15 2 1
com.dy.order/orderalipay/alipay_web.go:435.63,438.3 2 1
com.dy.order/orderalipay/alipay_web.go:440.62,443.3 2 1
com.dy.order/orderalipay/alipay_web.go:453.89,458.63 4 1
com.dy.order/orderalipay/alipay_web.go:462.2,463.62 2 1
com.dy.order/orderalipay/alipay_web.go:467.2,469.16 3 1
com.dy.order/orderalipay/alipay_web.go:474.2,474.23 1 1
com.dy.order/orderalipay/alipay_web.go:458.63,461.3 2 1
com.dy.order/orderalipay/alipay_web.go:463.62,466.3 2 1
com.dy.order/orderalipay/alipay_web.go:469.16,471.3 1 0
com.dy.order/orderalipay/alipay_web.go:474.23,492.3 8 1
com.dy.order/orderalipay/alipay_web.go:492.3,508.3 8 1
com.dy.order/orderalipay/alipay_web.go:513.62,517.15 3 1
com.dy.order/orderalipay/alipay_web.go:524.2,532.69 7 1
com.dy.order/orderalipay/alipay_web.go:537.2,540.8 3 0
com.dy.order/orderalipay/alipay_web.go:517.15,522.3 4 1
com.dy.order/orderalipay/alipay_web.go:532.69,536.3 2 1
com.dy.order/orderalipay/alipay_web.go:544.62,548.15 3 1
com.dy.order/orderalipay/alipay_web.go:555.2,561.69 5 1
com.dy.order/orderalipay/alipay_web.go:567.2,569.8 2 0
com.dy.order/orderalipay/alipay_web.go:548.15,552.3 3 1
com.dy.order/orderalipay/alipay_web.go:561.69,566.3 3 1
com.dy.order/orderalipay/alipay_web.go:583.82,585.15 2 1
com.dy.order/orderalipay/alipay_web.go:596.2,596.18 1 1
com.dy.order/orderalipay/alipay_web.go:600.2,600.18 1 1
com.dy.order/orderalipay/alipay_web.go:585.15,588.63 2 1
com.dy.order/orderalipay/alipay_web.go:588.63,591.4 2 1
com.dy.order/orderalipay/alipay_web.go:592.3,594.3 1 1
com.dy.order/orderalipay/alipay_web.go:596.18,599.3 2 1
com.dy.order/orderalipay/alipay_web.go:604.83,606.59 1 1
com.dy.order/orderalipay/alipay_web.go:609.2,611.16 3 1
com.dy.order/orderalipay/alipay_web.go:614.2,614.8 1 1
com.dy.order/orderalipay/alipay_web.go:606.59,608.3 1 0
com.dy.order/orderalipay/alipay_web.go:611.16,613.3 1 1
com.dy.order/orderalipay/alipay_web.go:865.79,869.16 4 1
com.dy.order/orderalipay/alipay_web.go:873.2,874.8 2 1
com.dy.order/orderalipay/alipay_web.go:869.16,872.3 2 1
com.dy.order/orderalipay/alipay_web.go:877.37,882.57 5 1
com.dy.order/orderalipay/alipay_web.go:886.2,886.12 1 1
com.dy.order/orderalipay/alipay_web.go:882.57,885.3 2 1
com.dy.order/orderalipay/alipay_web.go:889.72,892.60 2 1
com.dy.order/orderalipay/alipay_web.go:896.2,896.8 1 1
com.dy.order/orderalipay/alipay_web.go:892.60,895.3 2 1
com.dy.order/orderalipay/alipay_web.go:900.32,902.2 1 1
com.dy.order/orderalipay/alipay_web.go:903.29,905.2 1 1
com.dy.order/orderalipay/alipay_web.go:907.58,912.25 3 1
com.dy.order/orderalipay/alipay_web.go:915.2,920.28 4 1
com.dy.order/orderalipay/alipay_web.go:912.25,914.3 1 1
com.dy.order/orderalipay/perf.go:10.67,13.19 3 1
com.dy.order/orderalipay/perf.go:22.2,25.26 4 1
com.dy.order/orderalipay/perf.go:31.2,33.19 3 1
com.dy.order/orderalipay/perf.go:39.2,39.23 1 1
com.dy.order/orderalipay/perf.go:13.19,15.17 2 1
com.dy.order/orderalipay/perf.go:18.3,20.19 3 1
com.dy.order/orderalipay/perf.go:15.17,17.4 1 0
com.dy.order/orderalipay/perf.go:25.26,26.20 1 1
com.dy.order/orderalipay/perf.go:26.20,29.4 2 1
com.dy.order/orderalipay/perf.go:33.19,38.3 4 1
com.dy.order/orderalipay/alipay_config.go:42.25,97.16 5 1
com.dy.order/orderalipay/alipay_config.go:109.2,113.32 4 1
com.dy.order/orderalipay/alipay_config.go:97.16,100.3 2 0
com.dy.order/orderalipay/alipay_mobile.go:21.26,23.2 1 1
com.dy.order/orderalipay/alipay_mobile.go:25.36,26.18 1 1
com.dy.order/orderalipay/alipay_mobile.go:29.2,30.33 2 1
com.dy.order/orderalipay/alipay_mobile.go:26.18,28.3 1 0
com.dy.order/orderalipay/alipay_mobile.go:35.65,39.15 3 1
com.dy.order/orderalipay/alipay_mobile.go:46.2,54.75 7 1
com.dy.order/orderalipay/alipay_mobile.go:59.2,62.8 3 0
com.dy.order/orderalipay/alipay_mobile.go:39.15,44.3 4 1
com.dy.order/orderalipay/alipay_mobile.go:54.75,58.3 2 1
com.dy.order/orderalipay/alipay_mobile.go:66.58,77.16 3 1
com.dy.order/orderalipay/alipay_mobile.go:81.2,86.16 4 1
com.dy.order/orderalipay/alipay_mobile.go:89.2,89.14 1 1
com.dy.order/orderalipay/alipay_mobile.go:93.2,105.29 9 1
com.dy.order/orderalipay/alipay_mobile.go:77.16,79.3 1 1
com.dy.order/orderalipay/alipay_mobile.go:86.16,88.3 1 1
com.dy.order/orderalipay/alipay_mobile.go:89.14,91.3 1 1
com.dy.order/orderalipay/alipay_mobile.go:110.49,118.16 6 1
com.dy.order/orderalipay/alipay_mobile.go:122.2,124.84 2 1
com.dy.order/orderalipay/alipay_mobile.go:129.2,129.102 1 1
com.dy.order/orderalipay/alipay_mobile.go:133.2,135.49 2 1
com.dy.order/orderalipay/alipay_mobile.go:141.2,142.21 2 1
com.dy.order/orderalipay/alipay_mobile.go:155.2,159.16 5 1
com.dy.order/orderalipay/alipay_mobile.go:163.2,163.30 1 1
com.dy.order/orderalipay/alipay_mobile.go:118.16,121.3 2 1
com.dy.order/orderalipay/alipay_mobile.go:124.84,126.3 1 1
com.dy.order/orderalipay/alipay_mobile.go:129.102,131.3 1 1
com.dy.order/orderalipay/alipay_mobile.go:135.49,138.3 2 1
com.dy.order/orderalipay/alipay_mobile.go:142.21,152.3 7 1
com.dy.order/orderalipay/alipay_mobile.go:152.3,154.3 1 0
com.dy.order/orderalipay/alipay_mobile.go:159.16,162.3 2 0
com.dy.order/orderalipay/alipay_mobile.go:166.73,169.64 1 1
com.dy.order/orderalipay/alipay_mobile.go:173.2,175.16 3 1
com.dy.order/orderalipay/alipay_mobile.go:180.2,239.63 4 1
com.dy.order/orderalipay/alipay_mobile.go:244.2,244.17 1 1
com.dy.order/orderalipay/alipay_mobile.go:291.2,291.17 1 1
com.dy.order/orderalipay/alipay_mobile.go:304.2,305.16 2 1
com.dy.order/orderalipay/alipay_mobile.go:310.2,310.16 1 1
com.dy.order/orderalipay/alipay_mobile.go:169.64,171.3 1 1
com.dy.order/orderalipay/alipay_mobile.go:175.16,178.3 2 0
com.dy.order/orderalipay/alipay_mobile.go:239.63,242.3 2 1
com.dy.order/orderalipay/alipay_mobile.go:244.17,248.28 3 1
com.dy.order/orderalipay/alipay_mobile.go:254.3,254.61 1 1
com.dy.order/orderalipay/alipay_mobile.go:260.3,260.100 1 1
com.dy.order/orderalipay/alipay_mobile.go:265.3,265.35 1 1
com.dy.order/orderalipay/alipay_mobile.go:272.3,272.35 1 1
com.dy.order/orderalipay/alipay_mobile.go:248.28,252.4 3 1
com.dy.order/orderalipay/alipay_mobile.go:254.61,258.4 3 0
com.dy.order/orderalipay/alipay_mobile.go:260.100,263.4 2 1
com.dy.order/orderalipay/alipay_mobile.go:265.35,267.104 1 1
com.dy.order/orderalipay/alipay_mobile.go:267.104,270.5 2 1
com.dy.order/orderalipay/alipay_mobile.go:272.35,282.109 1 1
com.dy.order/orderalipay/alipay_mobile.go:282.109,285.5 2 1
com.dy.order/orderalipay/alipay_mobile.go:291.17,299.99 1 1
com.dy.order/orderalipay/alipay_mobile.go:299.99,302.4 2 1
com.dy.order/orderalipay/alipay_mobile.go:305.16,309.3 3 0
com.dy.order/orderalipay/alipay_mobile.go:313.60,343.58 7 1
com.dy.order/orderalipay/alipay_mobile.go:347.2,347.20 1 1
com.dy.order/orderalipay/alipay_mobile.go:343.58,346.3 2 0
