mode: set
order/src/com.dy.order/orderModel/model.go:20.26,22.2 1 1
order/src/com.dy.order/orderModel/model.go:24.36,25.18 1 1
order/src/com.dy.order/orderModel/model.go:28.2,29.33 2 1
order/src/com.dy.order/orderModel/model.go:25.18,27.3 1 0
order/src/com.dy.order/orderModel/model.go:32.91,36.15 2 1
order/src/com.dy.order/orderModel/model.go:51.2,51.18 1 1
order/src/com.dy.order/orderModel/model.go:54.2,54.18 1 1
order/src/com.dy.order/orderModel/model.go:36.15,39.68 2 1
order/src/com.dy.order/orderModel/model.go:39.68,41.4 1 1
order/src/com.dy.order/orderModel/model.go:42.3,44.74 2 1
order/src/com.dy.order/orderModel/model.go:44.74,46.4 1 0
order/src/com.dy.order/orderModel/model.go:51.18,53.3 1 1
order/src/com.dy.order/orderModel/model.go:57.178,61.16 3 1
order/src/com.dy.order/orderModel/model.go:67.2,67.18 1 1
order/src/com.dy.order/orderModel/model.go:61.16,65.3 3 1
order/src/com.dy.order/orderModel/model.go:70.78,72.41 1 1
order/src/com.dy.order/orderModel/model.go:81.2,81.12 1 1
order/src/com.dy.order/orderModel/model.go:72.41,75.17 3 1
order/src/com.dy.order/orderModel/model.go:75.17,79.4 3 1
order/src/com.dy.order/orderModel/model.go:84.77,87.16 3 1
order/src/com.dy.order/orderModel/model.go:92.2,92.12 1 1
order/src/com.dy.order/orderModel/model.go:87.16,91.3 3 1
order/src/com.dy.order/orderModel/model.go:96.81,98.147 1 1
order/src/com.dy.order/orderModel/model.go:104.2,104.144 1 1
order/src/com.dy.order/orderModel/model.go:110.2,111.70 2 1
order/src/com.dy.order/orderModel/model.go:116.2,116.12 1 1
order/src/com.dy.order/orderModel/model.go:98.147,102.3 3 1
order/src/com.dy.order/orderModel/model.go:104.144,108.3 3 0
order/src/com.dy.order/orderModel/model.go:111.70,115.3 3 1
order/src/com.dy.order/orderModel/model.go:119.94,122.132 1 1
order/src/com.dy.order/orderModel/model.go:129.2,129.129 1 1
order/src/com.dy.order/orderModel/model.go:134.2,134.12 1 1
order/src/com.dy.order/orderModel/model.go:122.132,126.3 3 1
order/src/com.dy.order/orderModel/model.go:129.129,133.3 3 0
order/src/com.dy.order/orderModel/model.go:140.75,143.16 2 1
order/src/com.dy.order/orderModel/model.go:148.2,151.16 4 1
order/src/com.dy.order/orderModel/model.go:156.2,156.18 1 1
order/src/com.dy.order/orderModel/model.go:143.16,147.3 3 1
order/src/com.dy.order/orderModel/model.go:151.16,155.3 3 0
order/src/com.dy.order/orderModel/model.go:159.56,162.61 3 1
order/src/com.dy.order/orderModel/model.go:166.2,166.20 1 1
order/src/com.dy.order/orderModel/model.go:162.61,165.3 2 1
order/src/com.dy.order/orderModel/model.go:170.86,172.18 1 1
order/src/com.dy.order/orderModel/model.go:181.2,181.12 1 1
order/src/com.dy.order/orderModel/model.go:172.18,173.51 1 1
order/src/com.dy.order/orderModel/model.go:173.51,175.4 1 1
order/src/com.dy.order/orderModel/model.go:175.4,175.26 1 1
order/src/com.dy.order/orderModel/model.go:175.26,177.4 1 1
order/src/com.dy.order/orderModel/model.go:177.4,177.48 1 1
order/src/com.dy.order/orderModel/model.go:177.48,179.4 1 1
order/src/com.dy.order/orderModel/model.go:184.82,190.19 5 1
order/src/com.dy.order/orderModel/model.go:195.2,195.37 1 1
order/src/com.dy.order/orderModel/model.go:190.19,192.3 1 1
order/src/com.dy.order/orderModel/model.go:192.3,192.41 1 1
order/src/com.dy.order/orderModel/model.go:192.41,194.3 1 1
order/src/com.dy.order/orderModel/model.go:198.96,202.16 3 1
order/src/com.dy.order/orderModel/model.go:207.2,207.18 1 1
order/src/com.dy.order/orderModel/model.go:202.16,206.3 3 1
order/src/com.dy.order/orderModel/model.go:210.49,211.44 1 1
order/src/com.dy.order/orderModel/model.go:214.2,214.51 1 1
order/src/com.dy.order/orderModel/model.go:217.2,217.12 1 1
order/src/com.dy.order/orderModel/model.go:211.44,213.3 1 1
order/src/com.dy.order/orderModel/model.go:214.51,216.3 1 1
order/src/com.dy.order/orderModel/model.go:220.41,222.52 2 1
order/src/com.dy.order/orderModel/model.go:226.2,226.51 1 1
order/src/com.dy.order/orderModel/model.go:230.2,230.12 1 1
order/src/com.dy.order/orderModel/model.go:222.52,225.3 2 1
order/src/com.dy.order/orderModel/model.go:226.51,229.3 2 1
order/src/com.dy.order/orderModel/thdPayAbout.go:20.48,28.62 7 1
order/src/com.dy.order/orderModel/thdPayAbout.go:32.2,33.62 2 1
order/src/com.dy.order/orderModel/thdPayAbout.go:37.2,41.18 3 1
order/src/com.dy.order/orderModel/thdPayAbout.go:61.2,61.18 1 0
order/src/com.dy.order/orderModel/thdPayAbout.go:28.62,31.3 2 1
order/src/com.dy.order/orderModel/thdPayAbout.go:33.62,36.3 2 1
order/src/com.dy.order/orderModel/thdPayAbout.go:41.18,43.17 2 1
order/src/com.dy.order/orderModel/thdPayAbout.go:47.3,50.50 4 1
order/src/com.dy.order/orderModel/thdPayAbout.go:54.3,55.26 2 1
order/src/com.dy.order/orderModel/thdPayAbout.go:58.3,58.20 1 1
order/src/com.dy.order/orderModel/thdPayAbout.go:43.17,46.4 2 1
order/src/com.dy.order/orderModel/thdPayAbout.go:50.50,53.4 2 0
order/src/com.dy.order/orderModel/thdPayAbout.go:55.26,57.4 1 0
order/src/com.dy.order/orderModel/thdPayAbout.go:65.148,68.12 2 1
order/src/com.dy.order/orderModel/thdPayAbout.go:68.12,71.7 3 1
order/src/com.dy.order/orderModel/thdPayAbout.go:71.7,72.11 1 1
order/src/com.dy.order/orderModel/thdPayAbout.go:73.4,74.14 1 1
order/src/com.dy.order/orderModel/thdPayAbout.go:79.5,79.103 1 1
order/src/com.dy.order/orderModel/thdPayAbout.go:74.14,76.6 1 1
order/src/com.dy.order/orderModel/thdPayAbout.go:76.6,78.6 1 0
order/src/com.dy.order/orderModel/thdPayAbout.go:79.103,82.6 2 0
order/src/com.dy.order/orderModel/thdPayAbout.go:91.159,93.15 2 1
order/src/com.dy.order/orderModel/thdPayAbout.go:123.2,132.35 7 1
order/src/com.dy.order/orderModel/thdPayAbout.go:137.2,137.32 1 1
order/src/com.dy.order/orderModel/thdPayAbout.go:145.2,147.66 3 1
order/src/com.dy.order/orderModel/thdPayAbout.go:151.2,152.72 2 1
order/src/com.dy.order/orderModel/thdPayAbout.go:156.2,158.16 3 1
order/src/com.dy.order/orderModel/thdPayAbout.go:163.2,165.16 3 1
order/src/com.dy.order/orderModel/thdPayAbout.go:170.2,171.16 2 1
order/src/com.dy.order/orderModel/thdPayAbout.go:176.2,177.18 2 1
order/src/com.dy.order/orderModel/thdPayAbout.go:93.15,94.23 1 1
order/src/com.dy.order/orderModel/thdPayAbout.go:94.23,95.42 1 1
order/src/com.dy.order/orderModel/thdPayAbout.go:95.42,97.25 2 1
order/src/com.dy.order/orderModel/thdPayAbout.go:97.25,101.10 4 1
order/src/com.dy.order/orderModel/thdPayAbout.go:101.10,102.14 1 1
order/src/com.dy.order/orderModel/thdPayAbout.go:103.7,104.18 1 1
order/src/com.dy.order/orderModel/thdPayAbout.go:110.8,110.38 1 1
order/src/com.dy.order/orderModel/thdPayAbout.go:104.18,107.9 2 0
order/src/com.dy.order/orderModel/thdPayAbout.go:107.9,109.9 1 1
order/src/com.dy.order/orderModel/thdPayAbout.go:110.38,113.9 2 0
order/src/com.dy.order/orderModel/thdPayAbout.go:117.5,119.5 1 0
order/src/com.dy.order/orderModel/thdPayAbout.go:132.35,136.3 3 1
order/src/com.dy.order/orderModel/thdPayAbout.go:137.32,140.3 2 0
order/src/com.dy.order/orderModel/thdPayAbout.go:147.66,149.3 1 1
order/src/com.dy.order/orderModel/thdPayAbout.go:152.72,154.3 1 0
order/src/com.dy.order/orderModel/thdPayAbout.go:158.16,162.3 3 1
order/src/com.dy.order/orderModel/thdPayAbout.go:165.16,169.3 3 1
order/src/com.dy.order/orderModel/thdPayAbout.go:171.16,175.3 3 1
order/src/com.dy.order/orderModel/thdPayAbout.go:181.58,194.37 11 1
order/src/com.dy.order/orderModel/thdPayAbout.go:218.2,218.38 1 1
order/src/com.dy.order/orderModel/thdPayAbout.go:221.2,221.8 1 1
order/src/com.dy.order/orderModel/thdPayAbout.go:194.37,200.18 5 1
order/src/com.dy.order/orderModel/thdPayAbout.go:205.3,215.27 10 1
order/src/com.dy.order/orderModel/thdPayAbout.go:200.18,204.4 3 1
order/src/com.dy.order/orderModel/thdPayAbout.go:218.38,220.3 0 1
order/src/com.dy.order/orderModel/thdPayAbout.go:224.67,255.37 19 1
order/src/com.dy.order/orderModel/thdPayAbout.go:273.2,273.38 1 1
order/src/com.dy.order/orderModel/thdPayAbout.go:255.37,257.125 2 1
order/src/com.dy.order/orderModel/thdPayAbout.go:257.125,259.4 1 1
order/src/com.dy.order/orderModel/thdPayAbout.go:273.38,275.3 0 1
