mode: set
com.dy.order/orderwxpay/db.go:13.78,16.59 1 1
com.dy.order/orderwxpay/db.go:19.2,19.20 1 1
com.dy.order/orderwxpay/db.go:22.2,24.16 3 1
com.dy.order/orderwxpay/db.go:29.2,96.63 5 1
com.dy.order/orderwxpay/db.go:101.2,101.17 1 1
com.dy.order/orderwxpay/db.go:160.2,160.17 1 1
com.dy.order/orderwxpay/db.go:169.2,170.16 2 1
com.dy.order/orderwxpay/db.go:175.2,175.16 1 1
com.dy.order/orderwxpay/db.go:16.59,18.3 1 1
com.dy.order/orderwxpay/db.go:19.20,21.3 1 1
com.dy.order/orderwxpay/db.go:24.16,27.3 2 0
com.dy.order/orderwxpay/db.go:96.63,99.3 2 1
com.dy.order/orderwxpay/db.go:101.17,105.28 3 1
com.dy.order/orderwxpay/db.go:112.3,112.67 1 1
com.dy.order/orderwxpay/db.go:118.3,118.89 1 1
com.dy.order/orderwxpay/db.go:133.3,133.35 1 1
com.dy.order/orderwxpay/db.go:140.3,140.35 1 1
com.dy.order/orderwxpay/db.go:105.28,109.4 3 1
com.dy.order/orderwxpay/db.go:112.67,116.4 3 0
com.dy.order/orderwxpay/db.go:118.89,121.4 2 1
com.dy.order/orderwxpay/db.go:133.35,135.93 1 1
com.dy.order/orderwxpay/db.go:135.93,138.5 2 1
com.dy.order/orderwxpay/db.go:140.35,151.107 1 1
com.dy.order/orderwxpay/db.go:151.107,154.5 2 1
com.dy.order/orderwxpay/db.go:160.17,163.17 3 1
com.dy.order/orderwxpay/db.go:163.17,167.4 3 1
com.dy.order/orderwxpay/db.go:170.16,174.3 3 0
com.dy.order/orderwxpay/wxpay_App_http.go:134.53,142.16 6 1
com.dy.order/orderwxpay/wxpay_App_http.go:146.2,148.74 2 1
com.dy.order/orderwxpay/wxpay_App_http.go:153.2,153.97 1 1
com.dy.order/orderwxpay/wxpay_App_http.go:157.2,162.16 6 1
com.dy.order/orderwxpay/wxpay_App_http.go:166.2,188.63 10 1
com.dy.order/orderwxpay/wxpay_App_http.go:193.2,194.16 2 1
com.dy.order/orderwxpay/wxpay_App_http.go:199.2,199.76 1 1
com.dy.order/orderwxpay/wxpay_App_http.go:204.2,205.16 2 1
com.dy.order/orderwxpay/wxpay_App_http.go:209.2,209.30 1 1
com.dy.order/orderwxpay/wxpay_App_http.go:142.16,145.3 2 1
com.dy.order/orderwxpay/wxpay_App_http.go:148.74,150.3 1 1
com.dy.order/orderwxpay/wxpay_App_http.go:153.97,155.3 1 1
com.dy.order/orderwxpay/wxpay_App_http.go:162.16,164.3 1 0
com.dy.order/orderwxpay/wxpay_App_http.go:188.63,190.3 1 1
com.dy.order/orderwxpay/wxpay_App_http.go:194.16,197.3 2 0
com.dy.order/orderwxpay/wxpay_App_http.go:199.76,202.3 2 1
com.dy.order/orderwxpay/wxpay_App_http.go:205.16,208.3 2 0
com.dy.order/orderwxpay/wxpay_App_http.go:246.65,251.15 4 1
com.dy.order/orderwxpay/wxpay_App_http.go:258.2,261.16 3 1
com.dy.order/orderwxpay/wxpay_App_http.go:265.2,265.12 1 1
com.dy.order/orderwxpay/wxpay_App_http.go:270.2,277.84 7 1
com.dy.order/orderwxpay/wxpay_App_http.go:281.2,283.28 3 1
com.dy.order/orderwxpay/wxpay_App_http.go:251.15,256.3 4 1
com.dy.order/orderwxpay/wxpay_App_http.go:261.16,264.3 2 0
com.dy.order/orderwxpay/wxpay_App_http.go:265.12,268.3 2 1
com.dy.order/orderwxpay/wxpay_App_http.go:277.84,279.3 1 1
com.dy.order/orderwxpay/wxpay_App_http.go:290.75,293.12 2 1
com.dy.order/orderwxpay/wxpay_App_http.go:293.12,297.7 3 1
com.dy.order/orderwxpay/wxpay_App_http.go:297.7,298.11 1 1
com.dy.order/orderwxpay/wxpay_App_http.go:299.4,300.14 1 1
com.dy.order/orderwxpay/wxpay_App_http.go:308.5,308.66 1 1
com.dy.order/orderwxpay/wxpay_App_http.go:300.14,303.6 2 1
com.dy.order/orderwxpay/wxpay_App_http.go:303.6,306.18 3 0
com.dy.order/orderwxpay/wxpay_App_http.go:308.66,311.18 3 1
com.dy.order/orderwxpay/wxpay_App_http.go:321.86,323.15 2 1
com.dy.order/orderwxpay/wxpay_App_http.go:357.2,366.35 7 1
com.dy.order/orderwxpay/wxpay_App_http.go:371.2,371.32 1 1
com.dy.order/orderwxpay/wxpay_App_http.go:392.2,394.72 3 1
com.dy.order/orderwxpay/wxpay_App_http.go:398.2,399.78 2 1
com.dy.order/orderwxpay/wxpay_App_http.go:403.2,405.16 3 1
com.dy.order/orderwxpay/wxpay_App_http.go:411.2,413.16 3 1
com.dy.order/orderwxpay/wxpay_App_http.go:419.2,420.16 2 1
com.dy.order/orderwxpay/wxpay_App_http.go:425.2,426.18 2 1
com.dy.order/orderwxpay/wxpay_App_http.go:323.15,324.23 1 1
com.dy.order/orderwxpay/wxpay_App_http.go:324.23,325.48 1 1
com.dy.order/orderwxpay/wxpay_App_http.go:325.48,327.25 2 1
com.dy.order/orderwxpay/wxpay_App_http.go:327.25,332.10 4 1
com.dy.order/orderwxpay/wxpay_App_http.go:332.10,333.14 1 1
com.dy.order/orderwxpay/wxpay_App_http.go:334.7,335.18 1 1
com.dy.order/orderwxpay/wxpay_App_http.go:343.8,343.44 1 1
com.dy.order/orderwxpay/wxpay_App_http.go:335.18,338.21 3 1
com.dy.order/orderwxpay/wxpay_App_http.go:339.9,342.9 2 1
com.dy.order/orderwxpay/wxpay_App_http.go:343.44,346.21 3 0
com.dy.order/orderwxpay/wxpay_App_http.go:351.5,353.5 1 0
com.dy.order/orderwxpay/wxpay_App_http.go:366.35,370.3 3 1
com.dy.order/orderwxpay/wxpay_App_http.go:371.32,375.3 3 1
com.dy.order/orderwxpay/wxpay_App_http.go:394.72,396.3 1 1
com.dy.order/orderwxpay/wxpay_App_http.go:399.78,401.3 1 0
com.dy.order/orderwxpay/wxpay_App_http.go:405.16,409.3 3 1
com.dy.order/orderwxpay/wxpay_App_http.go:413.16,417.3 3 1
com.dy.order/orderwxpay/wxpay_App_http.go:420.16,424.3 3 1
com.dy.order/orderwxpay/wxpay_config.go:10.21,14.2 3 1
com.dy.order/orderwxpay/wxpay_navite_http.go:92.53,100.16 6 1
com.dy.order/orderwxpay/wxpay_navite_http.go:104.2,106.74 2 1
com.dy.order/orderwxpay/wxpay_navite_http.go:111.2,111.97 1 1
com.dy.order/orderwxpay/wxpay_navite_http.go:114.2,119.16 6 1
com.dy.order/orderwxpay/wxpay_navite_http.go:123.2,149.63 10 1
com.dy.order/orderwxpay/wxpay_navite_http.go:154.2,155.16 2 1
com.dy.order/orderwxpay/wxpay_navite_http.go:160.2,160.76 1 1
com.dy.order/orderwxpay/wxpay_navite_http.go:166.2,167.16 2 1
com.dy.order/orderwxpay/wxpay_navite_http.go:172.2,172.18 1 1
com.dy.order/orderwxpay/wxpay_navite_http.go:100.16,103.3 2 1
com.dy.order/orderwxpay/wxpay_navite_http.go:106.74,108.3 1 1
com.dy.order/orderwxpay/wxpay_navite_http.go:111.97,113.3 1 1
com.dy.order/orderwxpay/wxpay_navite_http.go:119.16,121.3 1 0
com.dy.order/orderwxpay/wxpay_navite_http.go:149.63,151.3 1 1
com.dy.order/orderwxpay/wxpay_navite_http.go:155.16,158.3 2 0
com.dy.order/orderwxpay/wxpay_navite_http.go:160.76,163.3 2 0
com.dy.order/orderwxpay/wxpay_navite_http.go:167.16,170.3 2 0
com.dy.order/orderwxpay/wxpay_navite_http.go:206.62,211.15 4 1
com.dy.order/orderwxpay/wxpay_navite_http.go:218.2,220.16 3 1
com.dy.order/orderwxpay/wxpay_navite_http.go:224.2,224.12 1 1
com.dy.order/orderwxpay/wxpay_navite_http.go:229.2,236.84 7 1
com.dy.order/orderwxpay/wxpay_navite_http.go:240.2,242.28 3 1
com.dy.order/orderwxpay/wxpay_navite_http.go:211.15,216.3 4 1
com.dy.order/orderwxpay/wxpay_navite_http.go:220.16,223.3 2 0
com.dy.order/orderwxpay/wxpay_navite_http.go:224.12,227.3 2 1
com.dy.order/orderwxpay/wxpay_navite_http.go:236.84,238.3 1 1
