mode: set
order/src/com.dy.order/orderList/order.go:47.84,56.16 9 1
order/src/com.dy.order/orderList/order.go:59.2,59.17 1 1
order/src/com.dy.order/orderList/order.go:62.2,62.15 1 1
order/src/com.dy.order/orderList/order.go:65.2,65.24 1 1
order/src/com.dy.order/orderList/order.go:79.2,80.16 2 1
order/src/com.dy.order/orderList/order.go:83.2,83.18 1 1
order/src/com.dy.order/orderList/order.go:104.2,106.17 3 1
order/src/com.dy.order/orderList/order.go:56.16,58.3 1 1
order/src/com.dy.order/orderList/order.go:59.17,61.3 1 1
order/src/com.dy.order/orderList/order.go:62.15,64.3 1 1
order/src/com.dy.order/orderList/order.go:65.24,70.17 5 1
order/src/com.dy.order/orderList/order.go:73.3,76.27 4 1
order/src/com.dy.order/orderList/order.go:70.17,72.4 1 1
order/src/com.dy.order/orderList/order.go:80.16,82.3 1 1
order/src/com.dy.order/orderList/order.go:83.18,99.17 16 1
order/src/com.dy.order/orderList/order.go:102.3,102.30 1 1
order/src/com.dy.order/orderList/order.go:99.17,101.4 1 1
order/src/com.dy.order/orderList/order.go:109.53,114.16 5 1
order/src/com.dy.order/orderList/order.go:117.2,117.18 1 1
order/src/com.dy.order/orderList/order.go:131.2,132.17 2 1
order/src/com.dy.order/orderList/order.go:114.16,116.3 1 1
order/src/com.dy.order/orderList/order.go:117.18,130.3 12 1
order/src/com.dy.order/orderList/order.go:135.39,136.15 1 1
order/src/com.dy.order/orderList/order.go:140.2,143.16 4 1
order/src/com.dy.order/orderList/order.go:147.2,147.21 1 1
order/src/com.dy.order/orderList/order.go:157.2,157.12 1 1
order/src/com.dy.order/orderList/order.go:136.15,139.3 2 1
order/src/com.dy.order/orderList/order.go:143.16,146.3 2 1
order/src/com.dy.order/orderList/order.go:147.21,149.17 2 1
order/src/com.dy.order/orderList/order.go:149.17,152.4 2 1
order/src/com.dy.order/orderList/order.go:153.3,156.3 2 1
